<?xml version="1.0" encoding="UTF-8"?>
<!-- Generated by org.testng.reporters.JUnitXMLReporter -->
<testsuite hostname="MININT-UM25UFB" ignored="0" name="Test-class test" tests="26" failures="0" timestamp="2020-10-16T16:55:51 EDT" time="330.118" errors="0">
  <testcase name="TC_DD_PDP_ProductDetails_Cases" time="24.017" classname="com.dollardays.testcases.Team9_ProductDescriptionPageTestCases"/>
  <testcase name="TC_DD_PDP_LeftNavigation_Cases" time="28.111" classname="com.dollardays.testcases.Team9_PDP_LeftNavTestCases"/>
  <testcase name="TC_DD_PDP_Entry_Cases" time="30.024" classname="com.dollardays.testcases.Team9_PDP_EntryTestCases"/>
  <testcase name="TC_DD_PDP_Quantity_Cases" time="37.688" classname="com.dollardays.testcases.Team9_PDP_PopUpTestCases"/>
  <testcase name="TC_DD_PDP_ProductDetails_Cases" time="21.576" classname="com.dollardays.testcases.Team9_ProductDescriptionPageTestCases"/>
  <testcase name="TC_DD_PDP_LeftNavigation_Cases" time="21.698" classname="com.dollardays.testcases.Team9_PDP_LeftNavTestCases"/>
  <testcase name="TC_DD_PDP_Entry_Cases" time="28.137" classname="com.dollardays.testcases.Team9_PDP_EntryTestCases"/>
  <testcase name="TC_DD_PDP_Quantity_Cases" time="27.967" classname="com.dollardays.testcases.Team9_PDP_PopUpTestCases"/>
  <testcase name="TC_DD_PDP_ProductDetails_Cases" time="20.331" classname="com.dollardays.testcases.Team9_ProductDescriptionPageTestCases"/>
  <testcase name="TC_DD_PDP_LeftNavigation_Cases" time="21.472" classname="com.dollardays.testcases.Team9_PDP_LeftNavTestCases"/>
  <testcase name="TC_DD_PDP_ProductDetails_Cases" time="19.659" classname="com.dollardays.testcases.Team9_ProductDescriptionPageTestCases"/>
  <testcase name="TC_DD_PDP_Quantity_Cases" time="27.895" classname="com.dollardays.testcases.Team9_PDP_PopUpTestCases"/>
  <testcase name="TC_DD_PDP_LeftNavigation_Cases" time="22.118" classname="com.dollardays.testcases.Team9_PDP_LeftNavTestCases"/>
  <testcase name="TC_DD_PDP_ProductDetails_Cases" time="20.709" classname="com.dollardays.testcases.Team9_ProductDescriptionPageTestCases"/>
  <testcase name="TC_DD_PDP_Quantity_Cases" time="24.949" classname="com.dollardays.testcases.Team9_PDP_PopUpTestCases"/>
  <testcase name="TC_DD_PDP_LeftNavigation_Cases" time="22.317" classname="com.dollardays.testcases.Team9_PDP_LeftNavTestCases"/>
  <testcase name="TC_DD_PDP_ProductDetails_Cases" time="21.194" classname="com.dollardays.testcases.Team9_ProductDescriptionPageTestCases"/>
  <testcase name="TC_DD_PDP_LeftNavigation_Cases" time="25.126" classname="com.dollardays.testcases.Team9_PDP_LeftNavTestCases"/>
  <testcase name="TC_DD_PDP_Quantity_Cases" time="27.33" classname="com.dollardays.testcases.Team9_PDP_PopUpTestCases"/>
  <testcase name="TC_DD_PDP_ProductDetails_Cases" time="20.542" classname="com.dollardays.testcases.Team9_ProductDescriptionPageTestCases"/>
  <testcase name="TC_DD_PDP_LeftNavigation_Cases" time="20.405" classname="com.dollardays.testcases.Team9_PDP_LeftNavTestCases"/>
  <testcase name="TC_DD_PDP_Quantity_Cases" time="26.116" classname="com.dollardays.testcases.Team9_PDP_PopUpTestCases"/>
  <testcase name="TC_DD_PDP_ProductDetails_Cases" time="16.892" classname="com.dollardays.testcases.Team9_ProductDescriptionPageTestCases"/>
  <testcase name="TC_DD_PDP_ProductDetails_Cases" time="17.523" classname="com.dollardays.testcases.Team9_ProductDescriptionPageTestCases"/>
  <testcase name="TC_DD_PDP_Quantity_Cases" time="27.978" classname="com.dollardays.testcases.Team9_PDP_PopUpTestCases"/>
  <testcase name="TC_DD_PDP_Quantity_Cases" time="25.61" classname="com.dollardays.testcases.Team9_PDP_PopUpTestCases"/>
</testsuite> <!-- Test-class test -->
