<?xml version="1.0" encoding="UTF-8"?>
<!-- Generated by org.testng.reporters.JUnitReportReporter -->
<testsuite skipped="0" hostname="MININT-UM25UFB" name="com.dollardays.testcases.Team9_ProductDescriptionPageTestCases" tests="9" failures="0" timestamp="2020-10-16T16:55:51 EDT" time="289.542" errors="0">
  <testcase name="TC_DD_PDP_ProductDetails_Cases" time="31.045" classname="com.dollardays.testcases.Team9_ProductDescriptionPageTestCases"/>
  <system-out/>
  <testcase name="TC_DD_PDP_ProductDetails_Cases" time="27.259" classname="com.dollardays.testcases.Team9_ProductDescriptionPageTestCases"/>
  <system-out/>
  <testcase name="TC_DD_PDP_ProductDetails_Cases" time="35.347" classname="com.dollardays.testcases.Team9_ProductDescriptionPageTestCases"/>
  <system-out/>
  <testcase name="TC_DD_PDP_ProductDetails_Cases" time="36.528" classname="com.dollardays.testcases.Team9_ProductDescriptionPageTestCases"/>
  <system-out/>
  <testcase name="TC_DD_PDP_ProductDetails_Cases" time="28.261" classname="com.dollardays.testcases.Team9_ProductDescriptionPageTestCases"/>
  <system-out/>
  <testcase name="TC_DD_PDP_ProductDetails_Cases" time="32.602" classname="com.dollardays.testcases.Team9_ProductDescriptionPageTestCases"/>
  <system-out/>
  <testcase name="TC_DD_PDP_ProductDetails_Cases" time="33.086" classname="com.dollardays.testcases.Team9_ProductDescriptionPageTestCases"/>
  <system-out/>
  <testcase name="TC_DD_PDP_ProductDetails_Cases" time="33.723" classname="com.dollardays.testcases.Team9_ProductDescriptionPageTestCases"/>
  <system-out/>
  <testcase name="TC_DD_PDP_ProductDetails_Cases" time="31.691" classname="com.dollardays.testcases.Team9_ProductDescriptionPageTestCases"/>
  <system-out/>
</testsuite> <!-- com.dollardays.testcases.Team9_ProductDescriptionPageTestCases -->
