<?xml version="1.0" encoding="UTF-8"?>
<!-- Generated by org.testng.reporters.JUnitReportReporter -->
<testsuite skipped="0" hostname="MININT-UM25UFB" name="com.dollardays.testcases.Team9_PDP_LeftNavTestCases" tests="7" failures="0" timestamp="2020-10-16T16:55:51 EDT" time="247.345" errors="0">
  <testcase name="TC_DD_PDP_LeftNavigation_Cases" time="31.473" classname="com.dollardays.testcases.Team9_PDP_LeftNavTestCases"/>
  <system-out/>
  <testcase name="TC_DD_PDP_LeftNavigation_Cases" time="35.543" classname="com.dollardays.testcases.Team9_PDP_LeftNavTestCases"/>
  <system-out/>
  <testcase name="TC_DD_PDP_LeftNavigation_Cases" time="44.635" classname="com.dollardays.testcases.Team9_PDP_LeftNavTestCases"/>
  <system-out/>
  <testcase name="TC_DD_PDP_LeftNavigation_Cases" time="32.771" classname="com.dollardays.testcases.Team9_PDP_LeftNavTestCases"/>
  <system-out/>
  <testcase name="TC_DD_PDP_LeftNavigation_Cases" time="36.068" classname="com.dollardays.testcases.Team9_PDP_LeftNavTestCases"/>
  <system-out/>
  <testcase name="TC_DD_PDP_LeftNavigation_Cases" time="33.454" classname="com.dollardays.testcases.Team9_PDP_LeftNavTestCases"/>
  <system-out/>
  <testcase name="TC_DD_PDP_LeftNavigation_Cases" time="33.401" classname="com.dollardays.testcases.Team9_PDP_LeftNavTestCases"/>
  <system-out/>
</testsuite> <!-- com.dollardays.testcases.Team9_PDP_LeftNavTestCases -->
