<?xml version="1.0" encoding="UTF-8"?>
<!-- Generated by org.testng.reporters.JUnitReportReporter -->
<testsuite skipped="0" hostname="MININT-UM25UFB" name="com.dollardays.testcases.Team9_PDP_PopUpTestCases" tests="8" failures="0" timestamp="2020-10-16T16:55:51 EDT" time="329.130" errors="0">
  <testcase name="TC_DD_PDP_Quantity_Cases" time="44.543" classname="com.dollardays.testcases.Team9_PDP_PopUpTestCases"/>
  <system-out/>
  <testcase name="TC_DD_PDP_Quantity_Cases" time="36.952" classname="com.dollardays.testcases.Team9_PDP_PopUpTestCases"/>
  <system-out/>
  <testcase name="TC_DD_PDP_Quantity_Cases" time="49.085" classname="com.dollardays.testcases.Team9_PDP_PopUpTestCases"/>
  <system-out/>
  <testcase name="TC_DD_PDP_Quantity_Cases" time="39.900" classname="com.dollardays.testcases.Team9_PDP_PopUpTestCases"/>
  <system-out/>
  <testcase name="TC_DD_PDP_Quantity_Cases" time="47.113" classname="com.dollardays.testcases.Team9_PDP_PopUpTestCases"/>
  <system-out/>
  <testcase name="TC_DD_PDP_Quantity_Cases" time="37.426" classname="com.dollardays.testcases.Team9_PDP_PopUpTestCases"/>
  <system-out/>
  <testcase name="TC_DD_PDP_Quantity_Cases" time="35.774" classname="com.dollardays.testcases.Team9_PDP_PopUpTestCases"/>
  <system-out/>
  <testcase name="TC_DD_PDP_Quantity_Cases" time="38.337" classname="com.dollardays.testcases.Team9_PDP_PopUpTestCases"/>
  <system-out/>
</testsuite> <!-- com.dollardays.testcases.Team9_PDP_PopUpTestCases -->
