<?xml version="1.0" encoding="UTF-8"?>
<!-- Generated by org.testng.reporters.JUnitReportReporter -->
<testsuite skipped="0" hostname="MININT-UM25UFB" name="com.dollardays.testcases.Team9_PDP_EntryTestCases" tests="2" failures="0" timestamp="2020-10-16T16:55:51 EDT" time="86.133" errors="0">
  <testcase name="TC_DD_PDP_Entry_Cases" time="40.192" classname="com.dollardays.testcases.Team9_PDP_EntryTestCases"/>
  <system-out/>
  <testcase name="TC_DD_PDP_Entry_Cases" time="45.941" classname="com.dollardays.testcases.Team9_PDP_EntryTestCases"/>
  <system-out/>
</testsuite> <!-- com.dollardays.testcases.Team9_PDP_EntryTestCases -->
